2024-11-22 12:27:16,460 [DEBUG] faiss.loader: Environment variable FAISS_OPT_LEVEL is not set, so let's pick the instruction set according to the current CPU
2024-11-22 12:27:16,461 [INFO] faiss.loader: Loading faiss.
2024-11-22 12:27:16,529 [INFO] faiss.loader: Successfully loaded faiss.
2024-11-22 12:27:16,593 [WARNING] root: 	*** Since DSPy 2.5.16+, TypedPredictors are now deprecated, underperform, and are about to be removed! ***
Please use standard predictors, e.g. dspy.Predict and dspy.ChainOfThought.
They now support type annotations and other features of TypedPredictors and tend to work much better out of the box.
Please let us know if you face any issues: https://github.com/stanfordnlp/dspy/issues
2024-11-22 12:27:16,593 [INFO] src.analysis.metrics: Comprehensive Assessment DSPy module initialized successfully.
2024-11-22 12:27:16,595 [INFO] src.processing.answer_generator: Unoptimized DSPy module initialized successfully.
2024-11-22 12:27:18,635 [DEBUG] __main__: Entering run_pipeline method.
2024-11-22 12:27:18,635 [INFO] __main__: Configuring DSPy Language Model
2024-11-22 12:27:18,635 [INFO] __main__: Loading keyword training data from 'data/keyword_training_data.csv'
2024-11-22 12:27:19,321 [INFO] __main__: Loading quotation training data from 'data/quotation_training_data.csv'
2024-11-22 12:27:19,496 [INFO] __main__: Loading codebase chunks from 'data/codebase_chunks.json'
2024-11-22 12:27:19,497 [INFO] __main__: Initializing ContextualVectorDB
2024-11-22 12:27:19,509 [INFO] __main__: Loading data into ContextualVectorDB
2024-11-22 12:27:22,030 [INFO] __main__: Creating Elasticsearch BM25 index
2024-11-22 12:27:22,030 [DEBUG] __main__: Entering create_elasticsearch_bm25_index method.
2024-11-22 12:27:22,112 [INFO] __main__: ElasticsearchBM25 instance created.
2024-11-22 12:27:22,133 [INFO] __main__: Elasticsearch BM25 index created successfully with 90 documents indexed.
2024-11-22 12:27:22,133 [INFO] __main__: Loading standard queries from 'data/queries.json'
2024-11-22 12:27:22,134 [INFO] __main__: Loading alternative queries from 'data/queries_alt.json'
2024-11-22 12:27:22,134 [INFO] __main__: Loading keyword queries from 'data/queries_keyword.json'
2024-11-22 12:27:22,134 [INFO] __main__: Validating standard queries
2024-11-22 12:27:22,134 [INFO] __main__: Validating alternative queries
2024-11-22 12:27:22,134 [INFO] __main__: Validating keyword queries
2024-11-22 12:27:22,134 [INFO] __main__: Initializing keyword extraction optimizer
2024-11-22 12:30:57,808 [INFO] __main__: Keyword optimizer initialized successfully
2024-11-22 12:30:57,808 [INFO] __main__: Initializing quotation selection optimizer
2024-11-22 12:30:59,553 [INFO] __main__: Quotation optimizer initialized successfully
2024-11-22 12:30:59,553 [INFO] __main__: Initializing SelectKeywordModule
2024-11-22 12:30:59,555 [INFO] __main__: SelectKeywordModule initialized successfully with assertions activated.
2024-11-22 12:30:59,555 [INFO] __main__: Initializing SelectQuotationModule
2024-11-22 12:30:59,558 [INFO] __main__: SelectQuotationModule initialized successfully with assertions activated.
2024-11-22 12:30:59,559 [INFO] __main__: Initializing SelectQuotationModuleAlt
2024-11-22 12:30:59,561 [INFO] __main__: SelectQuotationModuleAlt initialized successfully with assertions activated.
2024-11-22 12:30:59,561 [INFO] __main__: Processing keyword queries with SelectKeywordModule
2024-11-22 12:31:01,948 [INFO] __main__: Processing standard queries with SelectQuotationModule
2024-11-22 12:31:06,538 [INFO] __main__: Processing alternative queries with SelectQuotationModuleAlt
2024-11-22 12:31:11,186 [INFO] __main__: Starting evaluation of the retrieval pipeline
2024-11-22 12:31:11,187 [INFO] __main__: Evaluation completed successfully.
2024-11-22 12:31:11,187 [INFO] __main__: All operations completed successfully.
