2024-11-08 10:43:07,101 [WARNING] root: 	*** Since DSPy 2.5.16+, TypedPredictors are now deprecated, underperform, and are about to be removed! ***
Please use standard predictors, e.g. dspy.Predict and dspy.ChainOfThought.
They now support type annotations and other features of TypedPredictors and tend to work much better out of the box.
Please let us know if you face any issues: https://github.com/stanfordnlp/dspy/issues
2024-11-08 10:43:10,702 [WARNING] __main__: Failed to load optimized program. Using unoptimized module.
2024-11-08 10:43:14,444 [WARNING] evaluation: No golden contents found for query 'what is digital transformation?'. Skipping evaluation for this query.
2024-11-08 10:43:14,444 [WARNING] evaluation: No golden contents found for query 'why is aman not promoting digitalization?'. Skipping evaluation for this query.
2024-11-08 10:43:14,444 [WARNING] evaluation: No golden contents found for query 'The question is how are we going to deal with these risks these are the key that we are working on Nellie please uh and also Sally provide your perspective your data or the um you know mainly how you are localizing for example in Africa these uh challenges and try to provide solutions while you are going along the way.'. Skipping evaluation for this query.
2024-11-08 10:43:14,444 [WARNING] evaluation: No golden contents found for query 'what is digital transformation?'. Skipping evaluation for this query.
2024-11-08 10:43:14,444 [WARNING] evaluation: No golden contents found for query 'why is aman not promoting digitalization?'. Skipping evaluation for this query.
2024-11-08 10:43:14,444 [WARNING] evaluation: No golden contents found for query 'The question is how are we going to deal with these risks these are the key that we are working on Nellie please uh and also Sally provide your perspective your data or the um you know mainly how you are localizing for example in Africa these uh challenges and try to provide solutions while you are going along the way.'. Skipping evaluation for this query.
2024-11-08 10:43:14,445 [WARNING] evaluation: No golden contents found for query 'what is digital transformation?'. Skipping evaluation for this query.
2024-11-08 10:43:14,445 [WARNING] evaluation: No golden contents found for query 'why is aman not promoting digitalization?'. Skipping evaluation for this query.
2024-11-08 10:43:14,445 [WARNING] evaluation: No golden contents found for query 'The question is how are we going to deal with these risks these are the key that we are working on Nellie please uh and also Sally provide your perspective your data or the um you know mainly how you are localizing for example in Africa these uh challenges and try to provide solutions while you are going along the way.'. Skipping evaluation for this query.
2024-11-08 10:56:34,303 [WARNING] root: 	*** Since DSPy 2.5.16+, TypedPredictors are now deprecated, underperform, and are about to be removed! ***
Please use standard predictors, e.g. dspy.Predict and dspy.ChainOfThought.
They now support type annotations and other features of TypedPredictors and tend to work much better out of the box.
Please let us know if you face any issues: https://github.com/stanfordnlp/dspy/issues
2024-11-08 10:56:37,541 [WARNING] __main__: Failed to load optimized program. Using unoptimized module.
2024-11-08 10:56:38,455 [ERROR] answer_generator: JSON decoding failed: Expecting value: line 1 column 1 (char 0)
2024-11-08 10:56:38,456 [WARNING] answer_generator: No valid quotations extracted. Using default message.
2024-11-08 10:56:39,518 [ERROR] answer_generator: JSON decoding failed: Expecting value: line 1 column 1 (char 0)
2024-11-08 10:56:39,519 [WARNING] answer_generator: No valid quotations extracted. Using default message.
2024-11-08 10:56:40,884 [ERROR] answer_generator: JSON decoding failed: Expecting value: line 1 column 1 (char 0)
2024-11-08 10:56:40,894 [WARNING] answer_generator: No valid quotations extracted. Using default message.
2024-11-08 10:56:41,229 [ERROR] answer_generator: JSON decoding failed: Expecting value: line 1 column 1 (char 0)
2024-11-08 10:56:41,235 [WARNING] answer_generator: No valid quotations extracted. Using default message.
2024-11-08 10:56:41,745 [ERROR] answer_generator: JSON decoding failed: Expecting value: line 1 column 1 (char 0)
2024-11-08 10:56:41,753 [WARNING] answer_generator: No valid quotations extracted. Using default message.
2024-11-08 10:56:41,762 [WARNING] evaluation: No golden contents found for query 'what is digital transformation?'. Skipping evaluation for this query.
2024-11-08 10:56:41,763 [WARNING] evaluation: No golden contents found for query 'why is aman not promoting digitalization?'. Skipping evaluation for this query.
2024-11-08 10:56:41,763 [WARNING] evaluation: No golden contents found for query 'The question is how are we going to deal with these risks these are the key that we are working on Nellie please uh and also Sally provide your perspective your data or the um you know mainly how you are localizing for example in Africa these uh challenges and try to provide solutions while you are going along the way.'. Skipping evaluation for this query.
2024-11-08 10:56:41,766 [WARNING] evaluation: No golden contents found for query 'what is digital transformation?'. Skipping evaluation for this query.
2024-11-08 10:56:41,766 [WARNING] evaluation: No golden contents found for query 'why is aman not promoting digitalization?'. Skipping evaluation for this query.
2024-11-08 10:56:41,766 [WARNING] evaluation: No golden contents found for query 'The question is how are we going to deal with these risks these are the key that we are working on Nellie please uh and also Sally provide your perspective your data or the um you know mainly how you are localizing for example in Africa these uh challenges and try to provide solutions while you are going along the way.'. Skipping evaluation for this query.
2024-11-08 10:56:41,770 [WARNING] evaluation: No golden contents found for query 'what is digital transformation?'. Skipping evaluation for this query.
2024-11-08 10:56:41,770 [WARNING] evaluation: No golden contents found for query 'why is aman not promoting digitalization?'. Skipping evaluation for this query.
2024-11-08 10:56:41,770 [WARNING] evaluation: No golden contents found for query 'The question is how are we going to deal with these risks these are the key that we are working on Nellie please uh and also Sally provide your perspective your data or the um you know mainly how you are localizing for example in Africa these uh challenges and try to provide solutions while you are going along the way.'. Skipping evaluation for this query.
2024-11-08 10:57:59,512 [WARNING] root: 	*** Since DSPy 2.5.16+, TypedPredictors are now deprecated, underperform, and are about to be removed! ***
Please use standard predictors, e.g. dspy.Predict and dspy.ChainOfThought.
They now support type annotations and other features of TypedPredictors and tend to work much better out of the box.
Please let us know if you face any issues: https://github.com/stanfordnlp/dspy/issues
2024-11-08 10:58:02,981 [WARNING] __main__: Failed to load optimized program. Using unoptimized module.
2024-11-08 10:58:05,946 [WARNING] evaluation: No golden contents found for query 'what is digital transformation?'. Skipping evaluation for this query.
2024-11-08 10:58:05,946 [WARNING] evaluation: No golden contents found for query 'why is aman not promoting digitalization?'. Skipping evaluation for this query.
2024-11-08 10:58:05,946 [WARNING] evaluation: No golden contents found for query 'The question is how are we going to deal with these risks these are the key that we are working on Nellie please uh and also Sally provide your perspective your data or the um you know mainly how you are localizing for example in Africa these uh challenges and try to provide solutions while you are going along the way.'. Skipping evaluation for this query.
2024-11-08 10:58:05,946 [WARNING] evaluation: No golden contents found for query 'what is digital transformation?'. Skipping evaluation for this query.
2024-11-08 10:58:05,946 [WARNING] evaluation: No golden contents found for query 'why is aman not promoting digitalization?'. Skipping evaluation for this query.
2024-11-08 10:58:05,946 [WARNING] evaluation: No golden contents found for query 'The question is how are we going to deal with these risks these are the key that we are working on Nellie please uh and also Sally provide your perspective your data or the um you know mainly how you are localizing for example in Africa these uh challenges and try to provide solutions while you are going along the way.'. Skipping evaluation for this query.
2024-11-08 10:58:05,947 [WARNING] evaluation: No golden contents found for query 'what is digital transformation?'. Skipping evaluation for this query.
2024-11-08 10:58:05,947 [WARNING] evaluation: No golden contents found for query 'why is aman not promoting digitalization?'. Skipping evaluation for this query.
2024-11-08 10:58:05,947 [WARNING] evaluation: No golden contents found for query 'The question is how are we going to deal with these risks these are the key that we are working on Nellie please uh and also Sally provide your perspective your data or the um you know mainly how you are localizing for example in Africa these uh challenges and try to provide solutions while you are going along the way.'. Skipping evaluation for this query.
